This file contains any messages produced by compilers while
running configure, to aid debugging if configure makes a mistake.

It was created by dahdi-tools configure 2.11.1, which was
generated by GNU Autoconf 2.69.  Invocation command line was

  $ ./configure 

## --------- ##
## Platform. ##
## --------- ##

hostname = raspberrypi
uname -m = armv7l
uname -r = 4.9.35-v7+
uname -s = Linux
uname -v = #1014 SMP Fri Jun 30 14:47:43 BST 2017

/usr/bin/uname -p = unknown
/bin/uname -X     = unknown

/bin/arch              = unknown
/usr/bin/arch -k       = unknown
/usr/convex/getsysinfo = unknown
/usr/bin/hostinfo      = unknown
/bin/machine           = unknown
/usr/bin/oslevel       = unknown
/bin/universe          = unknown

PATH: /usr/local/sbin
PATH: /usr/local/bin
PATH: /usr/sbin
PATH: /usr/bin
PATH: /sbin
PATH: /bin


## ----------- ##
## Core tests. ##
## ----------- ##

configure:2668: checking for a BSD-compatible install
configure:2736: result: /usr/bin/install -c
configure:2747: checking whether build environment is sane
configure:2802: result: yes
configure:2953: checking for a thread-safe mkdir -p
configure:2992: result: /bin/mkdir -p
configure:2999: checking for gawk
configure:3029: result: no
configure:2999: checking for mawk
configure:3015: found /usr/bin/mawk
configure:3026: result: mawk
configure:3037: checking whether make sets $(MAKE)
configure:3059: result: yes
configure:3088: checking whether make supports nested variables
configure:3105: result: yes
configure:3249: checking whether make supports nested variables
configure:3266: result: yes
configure:3348: checking for style of include used by make
configure:3376: result: GNU
configure:3447: checking for gcc
configure:3463: found /usr/bin/gcc
configure:3474: result: gcc
configure:3703: checking for C compiler version
configure:3712: gcc --version >&5
gcc (Raspbian 4.9.2-10) 4.9.2
Copyright (C) 2014 Free Software Foundation, Inc.
This is free software; see the source for copying conditions.  There is NO
warranty; not even for MERCHANTABILITY or FITNESS FOR A PARTICULAR PURPOSE.

configure:3723: $? = 0
configure:3712: gcc -v >&5
Using built-in specs.
COLLECT_GCC=gcc
COLLECT_LTO_WRAPPER=/usr/lib/gcc/arm-linux-gnueabihf/4.9/lto-wrapper
Target: arm-linux-gnueabihf
Configured with: ../src/configure -v --with-pkgversion='Raspbian 4.9.2-10' --with-bugurl=file:///usr/share/doc/gcc-4.9/README.Bugs --enable-languages=c,c++,java,go,d,fortran,objc,obj-c++ --prefix=/usr --program-suffix=-4.9 --enable-shared --enable-linker-build-id --libexecdir=/usr/lib --without-included-gettext --enable-threads=posix --with-gxx-include-dir=/usr/include/c++/4.9 --libdir=/usr/lib --enable-nls --with-sysroot=/ --enable-clocale=gnu --enable-libstdcxx-debug --enable-libstdcxx-time=yes --enable-gnu-unique-object --disable-libitm --disable-libquadmath --enable-plugin --with-system-zlib --disable-browser-plugin --enable-java-awt=gtk --enable-gtk-cairo --with-java-home=/usr/lib/jvm/java-1.5.0-gcj-4.9-armhf/jre --enable-java-home --with-jvm-root-dir=/usr/lib/jvm/java-1.5.0-gcj-4.9-armhf --with-jvm-jar-dir=/usr/lib/jvm-exports/java-1.5.0-gcj-4.9-armhf --with-arch-directory=arm --with-ecj-jar=/usr/share/java/eclipse-ecj.jar --enable-objc-gc --enable-multiarch --disable-sjlj-exceptions --with-arch=armv6 --with-fpu=vfp --with-float=hard --enable-checking=release --build=arm-linux-gnueabihf --host=arm-linux-gnueabihf --target=arm-linux-gnueabihf
Thread model: posix
gcc version 4.9.2 (Raspbian 4.9.2-10) 
configure:3723: $? = 0
configure:3712: gcc -V >&5
gcc: error: unrecognized command line option '-V'
gcc: fatal error: no input files
compilation terminated.
configure:3723: $? = 4
configure:3712: gcc -qversion >&5
gcc: error: unrecognized command line option '-qversion'
gcc: fatal error: no input files
compilation terminated.
configure:3723: $? = 4
configure:3743: checking whether the C compiler works
configure:3765: gcc    conftest.c  >&5
configure:3769: $? = 0
configure:3817: result: yes
configure:3820: checking for C compiler default output file name
configure:3822: result: a.out
configure:3828: checking for suffix of executables
configure:3835: gcc -o conftest    conftest.c  >&5
configure:3839: $? = 0
configure:3861: result: 
configure:3883: checking whether we are cross compiling
configure:3891: gcc -o conftest    conftest.c  >&5
configure:3895: $? = 0
configure:3902: ./conftest
configure:3906: $? = 0
configure:3921: result: no
configure:3926: checking for suffix of object files
configure:3948: gcc -c   conftest.c >&5
configure:3952: $? = 0
configure:3973: result: o
configure:3977: checking whether we are using the GNU C compiler
configure:3996: gcc -c   conftest.c >&5
configure:3996: $? = 0
configure:4005: result: yes
configure:4014: checking whether gcc accepts -g
configure:4034: gcc -c -g  conftest.c >&5
configure:4034: $? = 0
configure:4075: result: yes
configure:4092: checking for gcc option to accept ISO C89
configure:4155: gcc  -c -g -O2  conftest.c >&5
configure:4155: $? = 0
configure:4168: result: none needed
configure:4193: checking whether gcc understands -c and -o together
configure:4215: gcc -c conftest.c -o conftest2.o
configure:4218: $? = 0
configure:4215: gcc -c conftest.c -o conftest2.o
configure:4218: $? = 0
configure:4230: result: yes
configure:4249: checking dependency style of gcc
configure:4360: result: gcc3
configure:4381: checking how to run the C preprocessor
configure:4412: gcc -E  conftest.c
configure:4412: $? = 0
configure:4426: gcc -E  conftest.c
conftest.c:11:28: fatal error: ac_nonexistent.h: No such file or directory
 #include <ac_nonexistent.h>
                            ^
compilation terminated.
configure:4426: $? = 1
configure: failed program was:
| /* confdefs.h */
| #define PACKAGE_NAME "dahdi-tools"
| #define PACKAGE_TARNAME "dahdi-tools"
| #define PACKAGE_VERSION "2.11.1"
| #define PACKAGE_STRING "dahdi-tools 2.11.1"
| #define PACKAGE_BUGREPORT "www.asterisk.org"
| #define PACKAGE_URL ""
| #define PACKAGE "dahdi-tools"
| #define VERSION "2.11.1"
| /* end confdefs.h.  */
| #include <ac_nonexistent.h>
configure:4451: result: gcc -E
configure:4471: gcc -E  conftest.c
configure:4471: $? = 0
configure:4485: gcc -E  conftest.c
conftest.c:11:28: fatal error: ac_nonexistent.h: No such file or directory
 #include <ac_nonexistent.h>
                            ^
compilation terminated.
configure:4485: $? = 1
configure: failed program was:
| /* confdefs.h */
| #define PACKAGE_NAME "dahdi-tools"
| #define PACKAGE_TARNAME "dahdi-tools"
| #define PACKAGE_VERSION "2.11.1"
| #define PACKAGE_STRING "dahdi-tools 2.11.1"
| #define PACKAGE_BUGREPORT "www.asterisk.org"
| #define PACKAGE_URL ""
| #define PACKAGE "dahdi-tools"
| #define VERSION "2.11.1"
| /* end confdefs.h.  */
| #include <ac_nonexistent.h>
configure:4514: checking for grep that handles long lines and -e
configure:4572: result: /bin/grep
configure:4577: checking for egrep
configure:4639: result: /bin/grep -E
configure:4644: checking for ANSI C header files
configure:4664: gcc -c -g -O2  conftest.c >&5
configure:4664: $? = 0
configure:4737: gcc -o conftest -g -O2   conftest.c  >&5
configure:4737: $? = 0
configure:4737: ./conftest
configure:4737: $? = 0
configure:4748: result: yes
configure:4761: checking for sys/types.h
configure:4761: gcc -c -g -O2  conftest.c >&5
configure:4761: $? = 0
configure:4761: result: yes
configure:4761: checking for sys/stat.h
configure:4761: gcc -c -g -O2  conftest.c >&5
configure:4761: $? = 0
configure:4761: result: yes
configure:4761: checking for stdlib.h
configure:4761: gcc -c -g -O2  conftest.c >&5
configure:4761: $? = 0
configure:4761: result: yes
configure:4761: checking for string.h
configure:4761: gcc -c -g -O2  conftest.c >&5
configure:4761: $? = 0
configure:4761: result: yes
configure:4761: checking for memory.h
configure:4761: gcc -c -g -O2  conftest.c >&5
configure:4761: $? = 0
configure:4761: result: yes
configure:4761: checking for strings.h
configure:4761: gcc -c -g -O2  conftest.c >&5
configure:4761: $? = 0
configure:4761: result: yes
configure:4761: checking for inttypes.h
configure:4761: gcc -c -g -O2  conftest.c >&5
configure:4761: $? = 0
configure:4761: result: yes
configure:4761: checking for stdint.h
configure:4761: gcc -c -g -O2  conftest.c >&5
configure:4761: $? = 0
configure:4761: result: yes
configure:4761: checking for unistd.h
configure:4761: gcc -c -g -O2  conftest.c >&5
configure:4761: $? = 0
configure:4761: result: yes
configure:4774: checking minix/config.h usability
configure:4774: gcc -c -g -O2  conftest.c >&5
conftest.c:54:26: fatal error: minix/config.h: No such file or directory
 #include <minix/config.h>
                          ^
compilation terminated.
configure:4774: $? = 1
configure: failed program was:
| /* confdefs.h */
| #define PACKAGE_NAME "dahdi-tools"
| #define PACKAGE_TARNAME "dahdi-tools"
| #define PACKAGE_VERSION "2.11.1"
| #define PACKAGE_STRING "dahdi-tools 2.11.1"
| #define PACKAGE_BUGREPORT "www.asterisk.org"
| #define PACKAGE_URL ""
| #define PACKAGE "dahdi-tools"
| #define VERSION "2.11.1"
| #define STDC_HEADERS 1
| #define HAVE_SYS_TYPES_H 1
| #define HAVE_SYS_STAT_H 1
| #define HAVE_STDLIB_H 1
| #define HAVE_STRING_H 1
| #define HAVE_MEMORY_H 1
| #define HAVE_STRINGS_H 1
| #define HAVE_INTTYPES_H 1
| #define HAVE_STDINT_H 1
| #define HAVE_UNISTD_H 1
| /* end confdefs.h.  */
| #include <stdio.h>
| #ifdef HAVE_SYS_TYPES_H
| # include <sys/types.h>
| #endif
| #ifdef HAVE_SYS_STAT_H
| # include <sys/stat.h>
| #endif
| #ifdef STDC_HEADERS
| # include <stdlib.h>
| # include <stddef.h>
| #else
| # ifdef HAVE_STDLIB_H
| #  include <stdlib.h>
| # endif
| #endif
| #ifdef HAVE_STRING_H
| # if !defined STDC_HEADERS && defined HAVE_MEMORY_H
| #  include <memory.h>
| # endif
| # include <string.h>
| #endif
| #ifdef HAVE_STRINGS_H
| # include <strings.h>
| #endif
| #ifdef HAVE_INTTYPES_H
| # include <inttypes.h>
| #endif
| #ifdef HAVE_STDINT_H
| # include <stdint.h>
| #endif
| #ifdef HAVE_UNISTD_H
| # include <unistd.h>
| #endif
| #include <minix/config.h>
configure:4774: result: no
configure:4774: checking minix/config.h presence
configure:4774: gcc -E  conftest.c
conftest.c:21:26: fatal error: minix/config.h: No such file or directory
 #include <minix/config.h>
                          ^
compilation terminated.
configure:4774: $? = 1
configure: failed program was:
| /* confdefs.h */
| #define PACKAGE_NAME "dahdi-tools"
| #define PACKAGE_TARNAME "dahdi-tools"
| #define PACKAGE_VERSION "2.11.1"
| #define PACKAGE_STRING "dahdi-tools 2.11.1"
| #define PACKAGE_BUGREPORT "www.asterisk.org"
| #define PACKAGE_URL ""
| #define PACKAGE "dahdi-tools"
| #define VERSION "2.11.1"
| #define STDC_HEADERS 1
| #define HAVE_SYS_TYPES_H 1
| #define HAVE_SYS_STAT_H 1
| #define HAVE_STDLIB_H 1
| #define HAVE_STRING_H 1
| #define HAVE_MEMORY_H 1
| #define HAVE_STRINGS_H 1
| #define HAVE_INTTYPES_H 1
| #define HAVE_STDINT_H 1
| #define HAVE_UNISTD_H 1
| /* end confdefs.h.  */
| #include <minix/config.h>
configure:4774: result: no
configure:4774: checking for minix/config.h
configure:4774: result: no
configure:4795: checking whether it is safe to define __EXTENSIONS__
configure:4813: gcc -c -g -O2  conftest.c >&5
configure:4813: $? = 0
configure:4820: result: yes
configure:4879: checking for ld
configure:4895: found /usr/bin/ld
configure:4906: result: ld
configure:4988: checking for g++
configure:5004: found /usr/bin/g++
configure:5015: result: g++
configure:5042: checking for C++ compiler version
configure:5051: g++ --version >&5
g++ (Raspbian 4.9.2-10) 4.9.2
Copyright (C) 2014 Free Software Foundation, Inc.
This is free software; see the source for copying conditions.  There is NO
warranty; not even for MERCHANTABILITY or FITNESS FOR A PARTICULAR PURPOSE.

configure:5062: $? = 0
configure:5051: g++ -v >&5
Using built-in specs.
COLLECT_GCC=g++
COLLECT_LTO_WRAPPER=/usr/lib/gcc/arm-linux-gnueabihf/4.9/lto-wrapper
Target: arm-linux-gnueabihf
Configured with: ../src/configure -v --with-pkgversion='Raspbian 4.9.2-10' --with-bugurl=file:///usr/share/doc/gcc-4.9/README.Bugs --enable-languages=c,c++,java,go,d,fortran,objc,obj-c++ --prefix=/usr --program-suffix=-4.9 --enable-shared --enable-linker-build-id --libexecdir=/usr/lib --without-included-gettext --enable-threads=posix --with-gxx-include-dir=/usr/include/c++/4.9 --libdir=/usr/lib --enable-nls --with-sysroot=/ --enable-clocale=gnu --enable-libstdcxx-debug --enable-libstdcxx-time=yes --enable-gnu-unique-object --disable-libitm --disable-libquadmath --enable-plugin --with-system-zlib --disable-browser-plugin --enable-java-awt=gtk --enable-gtk-cairo --with-java-home=/usr/lib/jvm/java-1.5.0-gcj-4.9-armhf/jre --enable-java-home --with-jvm-root-dir=/usr/lib/jvm/java-1.5.0-gcj-4.9-armhf --with-jvm-jar-dir=/usr/lib/jvm-exports/java-1.5.0-gcj-4.9-armhf --with-arch-directory=arm --with-ecj-jar=/usr/share/java/eclipse-ecj.jar --enable-objc-gc --enable-multiarch --disable-sjlj-exceptions --with-arch=armv6 --with-fpu=vfp --with-float=hard --enable-checking=release --build=arm-linux-gnueabihf --host=arm-linux-gnueabihf --target=arm-linux-gnueabihf
Thread model: posix
gcc version 4.9.2 (Raspbian 4.9.2-10) 
configure:5062: $? = 0
configure:5051: g++ -V >&5
g++: error: unrecognized command line option '-V'
g++: fatal error: no input files
compilation terminated.
configure:5062: $? = 4
configure:5051: g++ -qversion >&5
g++: error: unrecognized command line option '-qversion'
g++: fatal error: no input files
compilation terminated.
configure:5062: $? = 4
configure:5066: checking whether we are using the GNU C++ compiler
configure:5085: g++ -c   conftest.cpp >&5
configure:5085: $? = 0
configure:5094: result: yes
configure:5103: checking whether g++ accepts -g
configure:5123: g++ -c -g  conftest.cpp >&5
configure:5123: $? = 0
configure:5164: result: yes
configure:5189: checking dependency style of g++
configure:5300: result: gcc3
configure:5363: checking for gcc
configure:5390: result: gcc
configure:5619: checking for C compiler version
configure:5628: gcc --version >&5
gcc (Raspbian 4.9.2-10) 4.9.2
Copyright (C) 2014 Free Software Foundation, Inc.
This is free software; see the source for copying conditions.  There is NO
warranty; not even for MERCHANTABILITY or FITNESS FOR A PARTICULAR PURPOSE.

configure:5639: $? = 0
configure:5628: gcc -v >&5
Using built-in specs.
COLLECT_GCC=gcc
COLLECT_LTO_WRAPPER=/usr/lib/gcc/arm-linux-gnueabihf/4.9/lto-wrapper
Target: arm-linux-gnueabihf
Configured with: ../src/configure -v --with-pkgversion='Raspbian 4.9.2-10' --with-bugurl=file:///usr/share/doc/gcc-4.9/README.Bugs --enable-languages=c,c++,java,go,d,fortran,objc,obj-c++ --prefix=/usr --program-suffix=-4.9 --enable-shared --enable-linker-build-id --libexecdir=/usr/lib --without-included-gettext --enable-threads=posix --with-gxx-include-dir=/usr/include/c++/4.9 --libdir=/usr/lib --enable-nls --with-sysroot=/ --enable-clocale=gnu --enable-libstdcxx-debug --enable-libstdcxx-time=yes --enable-gnu-unique-object --disable-libitm --disable-libquadmath --enable-plugin --with-system-zlib --disable-browser-plugin --enable-java-awt=gtk --enable-gtk-cairo --with-java-home=/usr/lib/jvm/java-1.5.0-gcj-4.9-armhf/jre --enable-java-home --with-jvm-root-dir=/usr/lib/jvm/java-1.5.0-gcj-4.9-armhf --with-jvm-jar-dir=/usr/lib/jvm-exports/java-1.5.0-gcj-4.9-armhf --with-arch-directory=arm --with-ecj-jar=/usr/share/java/eclipse-ecj.jar --enable-objc-gc --enable-multiarch --disable-sjlj-exceptions --with-arch=armv6 --with-fpu=vfp --with-float=hard --enable-checking=release --build=arm-linux-gnueabihf --host=arm-linux-gnueabihf --target=arm-linux-gnueabihf
Thread model: posix
gcc version 4.9.2 (Raspbian 4.9.2-10) 
configure:5639: $? = 0
configure:5628: gcc -V >&5
gcc: error: unrecognized command line option '-V'
gcc: fatal error: no input files
compilation terminated.
configure:5639: $? = 4
configure:5628: gcc -qversion >&5
gcc: error: unrecognized command line option '-qversion'
gcc: fatal error: no input files
compilation terminated.
configure:5639: $? = 4
configure:5643: checking whether we are using the GNU C compiler
configure:5671: result: yes
configure:5680: checking whether gcc accepts -g
configure:5741: result: yes
configure:5758: checking for gcc option to accept ISO C89
configure:5834: result: none needed
configure:5859: checking whether gcc understands -c and -o together
configure:5896: result: yes
configure:5915: checking dependency style of gcc
configure:6026: result: gcc3
configure:6046: checking how to run the C preprocessor
configure:6116: result: gcc -E
configure:6136: gcc -E  conftest.c
configure:6136: $? = 0
configure:6150: gcc -E  conftest.c
conftest.c:26:28: fatal error: ac_nonexistent.h: No such file or directory
 #include <ac_nonexistent.h>
                            ^
compilation terminated.
configure:6150: $? = 1
configure: failed program was:
| /* confdefs.h */
| #define PACKAGE_NAME "dahdi-tools"
| #define PACKAGE_TARNAME "dahdi-tools"
| #define PACKAGE_VERSION "2.11.1"
| #define PACKAGE_STRING "dahdi-tools 2.11.1"
| #define PACKAGE_BUGREPORT "www.asterisk.org"
| #define PACKAGE_URL ""
| #define PACKAGE "dahdi-tools"
| #define VERSION "2.11.1"
| #define STDC_HEADERS 1
| #define HAVE_SYS_TYPES_H 1
| #define HAVE_SYS_STAT_H 1
| #define HAVE_STDLIB_H 1
| #define HAVE_STRING_H 1
| #define HAVE_MEMORY_H 1
| #define HAVE_STRINGS_H 1
| #define HAVE_INTTYPES_H 1
| #define HAVE_STDINT_H 1
| #define HAVE_UNISTD_H 1
| #define __EXTENSIONS__ 1
| #define _ALL_SOURCE 1
| #define _GNU_SOURCE 1
| #define _POSIX_PTHREAD_SEMANTICS 1
| #define _TANDEM_SOURCE 1
| /* end confdefs.h.  */
| #include <ac_nonexistent.h>
configure:6180: checking whether ln -s works
configure:6184: result: yes
configure:6191: checking whether make sets $(MAKE)
configure:6213: result: yes
configure:6226: checking for gawk
configure:6253: result: mawk
configure:6293: checking build system type
configure:6307: result: armv7l-unknown-linux-gnueabihf
configure:6327: checking host system type
configure:6340: result: armv7l-unknown-linux-gnueabihf
configure:6381: checking how to print strings
configure:6408: result: printf
configure:6429: checking for a sed that does not truncate output
configure:6493: result: /bin/sed
configure:6511: checking for fgrep
configure:6573: result: /bin/grep -F
configure:6608: checking for ld used by gcc
configure:6675: result: ld
configure:6682: checking if the linker (ld) is GNU ld
configure:6697: result: yes
configure:6709: checking for BSD- or MS-compatible name lister (nm)
configure:6763: result: /usr/bin/nm -B
configure:6893: checking the name lister (/usr/bin/nm -B) interface
configure:6900: gcc -c -g -O2  conftest.c >&5
configure:6903: /usr/bin/nm -B "conftest.o"
configure:6906: output
00000000 B some_variable
configure:6913: result: BSD nm
configure:6917: checking the maximum length of command line arguments
configure:7048: result: 1572864
configure:7096: checking how to convert armv7l-unknown-linux-gnueabihf file names to armv7l-unknown-linux-gnueabihf format
configure:7136: result: func_convert_file_noop
configure:7143: checking how to convert armv7l-unknown-linux-gnueabihf file names to toolchain format
configure:7163: result: func_convert_file_noop
configure:7170: checking for ld option to reload object files
configure:7177: result: -r
configure:7251: checking for objdump
configure:7267: found /usr/bin/objdump
configure:7278: result: objdump
configure:7310: checking how to recognize dependent libraries
configure:7510: result: pass_all
configure:7595: checking for dlltool
configure:7625: result: no
configure:7655: checking how to associate runtime and link libraries
configure:7682: result: printf %s\n
configure:7742: checking for ar
configure:7758: found /usr/bin/ar
configure:7769: result: ar
configure:7806: checking for archiver @FILE support
configure:7823: gcc -c -g -O2  conftest.c >&5
configure:7823: $? = 0
configure:7826: ar cru libconftest.a @conftest.lst >&5
configure:7829: $? = 0
configure:7834: ar cru libconftest.a @conftest.lst >&5
ar: conftest.o: No such file or directory
configure:7837: $? = 1
configure:7849: result: @
configure:7907: checking for strip
configure:7923: found /usr/bin/strip
configure:7934: result: strip
configure:8006: checking for ranlib
configure:8022: found /usr/bin/ranlib
configure:8033: result: ranlib
configure:8135: checking command to parse /usr/bin/nm -B output from gcc object
configure:8288: gcc -c -g -O2  conftest.c >&5
configure:8291: $? = 0
configure:8295: /usr/bin/nm -B conftest.o \| sed -n -e 's/^.*[ ]\([ABCDGIRSTW][ABCDGIRSTW]*\)[ ][ ]*\([_A-Za-z][_A-Za-z0-9]*\)$/\1 \2 \2/p' | sed '/ __gnu_lto/d' \> conftest.nm
configure:8298: $? = 0
configure:8364: gcc -o conftest -g -O2   conftest.c conftstm.o >&5
configure:8367: $? = 0
configure:8405: result: ok
configure:8452: checking for sysroot
configure:8482: result: no
configure:8489: checking for a working dd
configure:8527: result: /bin/dd
configure:8531: checking how to truncate binary pipes
configure:8546: result: /bin/dd bs=4096 count=1
configure:8875: checking for mt
configure:8891: found /bin/mt
configure:8902: result: mt
configure:8925: checking if mt is a manifest tool
configure:8931: mt '-?'
configure:8939: result: no
configure:9613: checking for dlfcn.h
configure:9613: gcc -c -g -O2  conftest.c >&5
configure:9613: $? = 0
configure:9613: result: yes
configure:9880: checking for objdir
configure:9895: result: .libs
configure:10159: checking if gcc supports -fno-rtti -fno-exceptions
configure:10177: gcc -c -g -O2  -fno-rtti -fno-exceptions conftest.c >&5
cc1: warning: command line option '-fno-rtti' is valid for C++/ObjC++ but not for C
configure:10181: $? = 0
configure:10194: result: no
configure:10552: checking for gcc option to produce PIC
configure:10559: result: -fPIC -DPIC
configure:10567: checking if gcc PIC flag -fPIC -DPIC works
configure:10585: gcc -c -g -O2  -fPIC -DPIC -DPIC conftest.c >&5
configure:10589: $? = 0
configure:10602: result: yes
configure:10631: checking if gcc static flag -static works
configure:10659: result: yes
configure:10674: checking if gcc supports -c -o file.o
configure:10695: gcc -c -g -O2  -o out/conftest2.o conftest.c >&5
configure:10699: $? = 0
configure:10721: result: yes
configure:10729: checking if gcc supports -c -o file.o
configure:10776: result: yes
configure:10809: checking whether the gcc linker (ld) supports shared libraries
configure:12072: result: yes
configure:12109: checking whether -lc should be explicitly linked in
configure:12117: gcc -c -g -O2  conftest.c >&5
configure:12120: $? = 0
configure:12135: gcc -shared  -fPIC -DPIC conftest.o  -v -Wl,-soname -Wl,conftest -o conftest 2\>\&1 \| /bin/grep  -lc  \>/dev/null 2\>\&1
configure:12138: $? = 0
configure:12152: result: no
configure:12312: checking dynamic linker characteristics
configure:12893: gcc -o conftest -g -O2   -Wl,-rpath -Wl,/foo conftest.c  >&5
configure:12893: $? = 0
configure:13142: result: GNU/Linux ld.so
configure:13264: checking how to hardcode library paths into programs
configure:13289: result: immediate
configure:13837: checking whether stripping libraries is possible
configure:13842: result: yes
configure:13877: checking if libtool supports shared libraries
configure:13879: result: yes
configure:13882: checking whether to build shared libraries
configure:13907: result: yes
configure:13910: checking whether to build static libraries
configure:13914: result: yes
configure:13937: checking how to run the C++ preprocessor
configure:13964: g++ -E  conftest.cpp
configure:13964: $? = 0
configure:13978: g++ -E  conftest.cpp
conftest.cpp:28:28: fatal error: ac_nonexistent.h: No such file or directory
 #include <ac_nonexistent.h>
                            ^
compilation terminated.
configure:13978: $? = 1
configure: failed program was:
| /* confdefs.h */
| #define PACKAGE_NAME "dahdi-tools"
| #define PACKAGE_TARNAME "dahdi-tools"
| #define PACKAGE_VERSION "2.11.1"
| #define PACKAGE_STRING "dahdi-tools 2.11.1"
| #define PACKAGE_BUGREPORT "www.asterisk.org"
| #define PACKAGE_URL ""
| #define PACKAGE "dahdi-tools"
| #define VERSION "2.11.1"
| #define STDC_HEADERS 1
| #define HAVE_SYS_TYPES_H 1
| #define HAVE_SYS_STAT_H 1
| #define HAVE_STDLIB_H 1
| #define HAVE_STRING_H 1
| #define HAVE_MEMORY_H 1
| #define HAVE_STRINGS_H 1
| #define HAVE_INTTYPES_H 1
| #define HAVE_STDINT_H 1
| #define HAVE_UNISTD_H 1
| #define __EXTENSIONS__ 1
| #define _ALL_SOURCE 1
| #define _GNU_SOURCE 1
| #define _POSIX_PTHREAD_SEMANTICS 1
| #define _TANDEM_SOURCE 1
| #define HAVE_DLFCN_H 1
| #define LT_OBJDIR ".libs/"
| /* end confdefs.h.  */
| #include <ac_nonexistent.h>
configure:14003: result: g++ -E
configure:14023: g++ -E  conftest.cpp
configure:14023: $? = 0
configure:14037: g++ -E  conftest.cpp
conftest.cpp:28:28: fatal error: ac_nonexistent.h: No such file or directory
 #include <ac_nonexistent.h>
                            ^
compilation terminated.
configure:14037: $? = 1
configure: failed program was:
| /* confdefs.h */
| #define PACKAGE_NAME "dahdi-tools"
| #define PACKAGE_TARNAME "dahdi-tools"
| #define PACKAGE_VERSION "2.11.1"
| #define PACKAGE_STRING "dahdi-tools 2.11.1"
| #define PACKAGE_BUGREPORT "www.asterisk.org"
| #define PACKAGE_URL ""
| #define PACKAGE "dahdi-tools"
| #define VERSION "2.11.1"
| #define STDC_HEADERS 1
| #define HAVE_SYS_TYPES_H 1
| #define HAVE_SYS_STAT_H 1
| #define HAVE_STDLIB_H 1
| #define HAVE_STRING_H 1
| #define HAVE_MEMORY_H 1
| #define HAVE_STRINGS_H 1
| #define HAVE_INTTYPES_H 1
| #define HAVE_STDINT_H 1
| #define HAVE_UNISTD_H 1
| #define __EXTENSIONS__ 1
| #define _ALL_SOURCE 1
| #define _GNU_SOURCE 1
| #define _POSIX_PTHREAD_SEMANTICS 1
| #define _TANDEM_SOURCE 1
| #define HAVE_DLFCN_H 1
| #define LT_OBJDIR ".libs/"
| /* end confdefs.h.  */
| #include <ac_nonexistent.h>
configure:14199: checking for ld used by g++
configure:14266: result: ld
configure:14273: checking if the linker (ld) is GNU ld
configure:14288: result: yes
configure:14343: checking whether the g++ linker (ld) supports shared libraries
configure:15416: result: yes
configure:15452: g++ -c -g -O2  conftest.cpp >&5
configure:15455: $? = 0
configure:15936: checking for g++ option to produce PIC
configure:15943: result: -fPIC -DPIC
configure:15951: checking if g++ PIC flag -fPIC -DPIC works
configure:15969: g++ -c -g -O2  -fPIC -DPIC -DPIC conftest.cpp >&5
configure:15973: $? = 0
configure:15986: result: yes
configure:16009: checking if g++ static flag -static works
configure:16037: result: yes
configure:16049: checking if g++ supports -c -o file.o
configure:16070: g++ -c -g -O2  -o out/conftest2.o conftest.cpp >&5
configure:16074: $? = 0
configure:16096: result: yes
configure:16101: checking if g++ supports -c -o file.o
configure:16148: result: yes
configure:16178: checking whether the g++ linker (ld) supports shared libraries
configure:16221: result: yes
configure:16362: checking dynamic linker characteristics
configure:17119: result: GNU/Linux ld.so
configure:17184: checking how to hardcode library paths into programs
configure:17209: result: immediate
configure:17270: checking for GNU make
configure:17289: result: make
configure:17300: gcc -c -g -O2  conftest.c >&5
gcc: error: conftest.c: No such file or directory
gcc: fatal error: no input files
compilation terminated.
configure:17300: $? = 4
configure: failed program was:
configure:17316: checking for grep
configure:17347: result: /bin/grep
configure:17357: checking for sh
configure:17388: result: /bin/bash
configure:17398: checking for ln
configure:17416: found /bin/ln
configure:17429: result: /bin/ln
configure:17440: checking for wget
configure:17458: found /usr/bin/wget
configure:17471: result: /usr/bin/wget
configure:17536: checking for perl
configure:17554: found /usr/bin/perl
configure:17566: result: /usr/bin/perl
configure:17583: checking for perl libdir
configure:17603: result: /usr/local/share/perl/5.20.2
configure:17633: checking for -Wdeclaration-after-statement support
configure:17636: result: yes
configure:17650: checking sys/soundcard.h usability
configure:17650: gcc -c -g -O2  conftest.c >&5
configure:17650: $? = 0
configure:17650: result: yes
configure:17650: checking sys/soundcard.h presence
configure:17650: gcc -E  conftest.c
configure:17650: $? = 0
configure:17650: result: yes
configure:17650: checking for sys/soundcard.h
configure:17650: result: yes
configure:17650: checking linux/soundcard.h usability
configure:17650: gcc -c -g -O2  conftest.c >&5
configure:17650: $? = 0
configure:17650: result: yes
configure:17650: checking linux/soundcard.h presence
configure:17650: gcc -E  conftest.c
configure:17650: $? = 0
configure:17650: result: yes
configure:17650: checking for linux/soundcard.h
configure:17650: result: yes
configure:17663: checking arpa/inet.h usability
configure:17663: gcc -c -g -O2  conftest.c >&5
configure:17663: $? = 0
configure:17663: result: yes
configure:17663: checking arpa/inet.h presence
configure:17663: gcc -E  conftest.c
configure:17663: $? = 0
configure:17663: result: yes
configure:17663: checking for arpa/inet.h
configure:17663: result: yes
configure:17663: checking fcntl.h usability
configure:17663: gcc -c -g -O2  conftest.c >&5
configure:17663: $? = 0
configure:17663: result: yes
configure:17663: checking fcntl.h presence
configure:17663: gcc -E  conftest.c
configure:17663: $? = 0
configure:17663: result: yes
configure:17663: checking for fcntl.h
configure:17663: result: yes
configure:17663: checking limits.h usability
configure:17663: gcc -c -g -O2  conftest.c >&5
configure:17663: $? = 0
configure:17663: result: yes
configure:17663: checking limits.h presence
configure:17663: gcc -E  conftest.c
configure:17663: $? = 0
configure:17663: result: yes
configure:17663: checking for limits.h
configure:17663: result: yes
configure:17663: checking netinet/in.h usability
configure:17663: gcc -c -g -O2  conftest.c >&5
configure:17663: $? = 0
configure:17663: result: yes
configure:17663: checking netinet/in.h presence
configure:17663: gcc -E  conftest.c
configure:17663: $? = 0
configure:17663: result: yes
configure:17663: checking for netinet/in.h
configure:17663: result: yes
configure:17663: checking for stdint.h
configure:17663: result: yes
configure:17663: checking for stdlib.h
configure:17663: result: yes
configure:17663: checking for string.h
configure:17663: result: yes
configure:17663: checking sys/ioctl.h usability
configure:17663: gcc -c -g -O2  conftest.c >&5
configure:17663: $? = 0
configure:17663: result: yes
configure:17663: checking sys/ioctl.h presence
configure:17663: gcc -E  conftest.c
configure:17663: $? = 0
configure:17663: result: yes
configure:17663: checking for sys/ioctl.h
configure:17663: result: yes
configure:17663: checking sys/param.h usability
configure:17663: gcc -c -g -O2  conftest.c >&5
configure:17663: $? = 0
configure:17663: result: yes
configure:17663: checking sys/param.h presence
configure:17663: gcc -E  conftest.c
configure:17663: $? = 0
configure:17663: result: yes
configure:17663: checking for sys/param.h
configure:17663: result: yes
configure:17663: checking sys/socket.h usability
configure:17663: gcc -c -g -O2  conftest.c >&5
configure:17663: $? = 0
configure:17663: result: yes
configure:17663: checking sys/socket.h presence
configure:17663: gcc -E  conftest.c
configure:17663: $? = 0
configure:17663: result: yes
configure:17663: checking for sys/socket.h
configure:17663: result: yes
configure:17663: checking sys/time.h usability
configure:17663: gcc -c -g -O2  conftest.c >&5
configure:17663: $? = 0
configure:17663: result: yes
configure:17663: checking sys/time.h presence
configure:17663: gcc -E  conftest.c
configure:17663: $? = 0
configure:17663: result: yes
configure:17663: checking for sys/time.h
configure:17663: result: yes
configure:17663: checking syslog.h usability
configure:17663: gcc -c -g -O2  conftest.c >&5
configure:17663: $? = 0
configure:17663: result: yes
configure:17663: checking syslog.h presence
configure:17663: gcc -E  conftest.c
configure:17663: $? = 0
configure:17663: result: yes
configure:17663: checking for syslog.h
configure:17663: result: yes
configure:17663: checking for unistd.h
configure:17663: result: yes
configure:17675: checking for inline
configure:17691: gcc -c -g -O2  conftest.c >&5
configure:17691: $? = 0
configure:17699: result: inline
configure:17717: checking for size_t
configure:17717: gcc -c -g -O2  conftest.c >&5
configure:17717: $? = 0
configure:17717: gcc -c -g -O2  conftest.c >&5
conftest.c: In function 'main':
conftest.c:79:21: error: expected expression before ')' token
 if (sizeof ((size_t)))
                     ^
configure:17717: $? = 1
configure: failed program was:
| /* confdefs.h */
| #define PACKAGE_NAME "dahdi-tools"
| #define PACKAGE_TARNAME "dahdi-tools"
| #define PACKAGE_VERSION "2.11.1"
| #define PACKAGE_STRING "dahdi-tools 2.11.1"
| #define PACKAGE_BUGREPORT "www.asterisk.org"
| #define PACKAGE_URL ""
| #define PACKAGE "dahdi-tools"
| #define VERSION "2.11.1"
| #define STDC_HEADERS 1
| #define HAVE_SYS_TYPES_H 1
| #define HAVE_SYS_STAT_H 1
| #define HAVE_STDLIB_H 1
| #define HAVE_STRING_H 1
| #define HAVE_MEMORY_H 1
| #define HAVE_STRINGS_H 1
| #define HAVE_INTTYPES_H 1
| #define HAVE_STDINT_H 1
| #define HAVE_UNISTD_H 1
| #define __EXTENSIONS__ 1
| #define _ALL_SOURCE 1
| #define _GNU_SOURCE 1
| #define _POSIX_PTHREAD_SEMANTICS 1
| #define _TANDEM_SOURCE 1
| #define HAVE_DLFCN_H 1
| #define LT_OBJDIR ".libs/"
| #define HAVE_SYS_SOUNDCARD_H 1
| #define HAVE_LINUX_SOUNDCARD_H 1
| #define HAVE_ARPA_INET_H 1
| #define HAVE_FCNTL_H 1
| #define HAVE_LIMITS_H 1
| #define HAVE_NETINET_IN_H 1
| #define HAVE_STDINT_H 1
| #define HAVE_STDLIB_H 1
| #define HAVE_STRING_H 1
| #define HAVE_SYS_IOCTL_H 1
| #define HAVE_SYS_PARAM_H 1
| #define HAVE_SYS_SOCKET_H 1
| #define HAVE_SYS_TIME_H 1
| #define HAVE_SYSLOG_H 1
| #define HAVE_UNISTD_H 1
| /* end confdefs.h.  */
| #include <stdio.h>
| #ifdef HAVE_SYS_TYPES_H
| # include <sys/types.h>
| #endif
| #ifdef HAVE_SYS_STAT_H
| # include <sys/stat.h>
| #endif
| #ifdef STDC_HEADERS
| # include <stdlib.h>
| # include <stddef.h>
| #else
| # ifdef HAVE_STDLIB_H
| #  include <stdlib.h>
| # endif
| #endif
| #ifdef HAVE_STRING_H
| # if !defined STDC_HEADERS && defined HAVE_MEMORY_H
| #  include <memory.h>
| # endif
| # include <string.h>
| #endif
| #ifdef HAVE_STRINGS_H
| # include <strings.h>
| #endif
| #ifdef HAVE_INTTYPES_H
| # include <inttypes.h>
| #endif
| #ifdef HAVE_STDINT_H
| # include <stdint.h>
| #endif
| #ifdef HAVE_UNISTD_H
| # include <unistd.h>
| #endif
| int
| main ()
| {
| if (sizeof ((size_t)))
| 	    return 0;
|   ;
|   return 0;
| }
configure:17717: result: yes
configure:17728: checking for ssize_t
configure:17728: gcc -c -g -O2  conftest.c >&5
configure:17728: $? = 0
configure:17728: gcc -c -g -O2  conftest.c >&5
conftest.c: In function 'main':
conftest.c:79:22: error: expected expression before ')' token
 if (sizeof ((ssize_t)))
                      ^
configure:17728: $? = 1
configure: failed program was:
| /* confdefs.h */
| #define PACKAGE_NAME "dahdi-tools"
| #define PACKAGE_TARNAME "dahdi-tools"
| #define PACKAGE_VERSION "2.11.1"
| #define PACKAGE_STRING "dahdi-tools 2.11.1"
| #define PACKAGE_BUGREPORT "www.asterisk.org"
| #define PACKAGE_URL ""
| #define PACKAGE "dahdi-tools"
| #define VERSION "2.11.1"
| #define STDC_HEADERS 1
| #define HAVE_SYS_TYPES_H 1
| #define HAVE_SYS_STAT_H 1
| #define HAVE_STDLIB_H 1
| #define HAVE_STRING_H 1
| #define HAVE_MEMORY_H 1
| #define HAVE_STRINGS_H 1
| #define HAVE_INTTYPES_H 1
| #define HAVE_STDINT_H 1
| #define HAVE_UNISTD_H 1
| #define __EXTENSIONS__ 1
| #define _ALL_SOURCE 1
| #define _GNU_SOURCE 1
| #define _POSIX_PTHREAD_SEMANTICS 1
| #define _TANDEM_SOURCE 1
| #define HAVE_DLFCN_H 1
| #define LT_OBJDIR ".libs/"
| #define HAVE_SYS_SOUNDCARD_H 1
| #define HAVE_LINUX_SOUNDCARD_H 1
| #define HAVE_ARPA_INET_H 1
| #define HAVE_FCNTL_H 1
| #define HAVE_LIMITS_H 1
| #define HAVE_NETINET_IN_H 1
| #define HAVE_STDINT_H 1
| #define HAVE_STDLIB_H 1
| #define HAVE_STRING_H 1
| #define HAVE_SYS_IOCTL_H 1
| #define HAVE_SYS_PARAM_H 1
| #define HAVE_SYS_SOCKET_H 1
| #define HAVE_SYS_TIME_H 1
| #define HAVE_SYSLOG_H 1
| #define HAVE_UNISTD_H 1
| /* end confdefs.h.  */
| #include <stdio.h>
| #ifdef HAVE_SYS_TYPES_H
| # include <sys/types.h>
| #endif
| #ifdef HAVE_SYS_STAT_H
| # include <sys/stat.h>
| #endif
| #ifdef STDC_HEADERS
| # include <stdlib.h>
| # include <stddef.h>
| #else
| # ifdef HAVE_STDLIB_H
| #  include <stdlib.h>
| # endif
| #endif
| #ifdef HAVE_STRING_H
| # if !defined STDC_HEADERS && defined HAVE_MEMORY_H
| #  include <memory.h>
| # endif
| # include <string.h>
| #endif
| #ifdef HAVE_STRINGS_H
| # include <strings.h>
| #endif
| #ifdef HAVE_INTTYPES_H
| # include <inttypes.h>
| #endif
| #ifdef HAVE_STDINT_H
| # include <stdint.h>
| #endif
| #ifdef HAVE_UNISTD_H
| # include <unistd.h>
| #endif
| int
| main ()
| {
| if (sizeof ((ssize_t)))
| 	    return 0;
|   ;
|   return 0;
| }
configure:17728: result: yes
configure:17739: checking for uint16_t
configure:17739: gcc -c -g -O2  conftest.c >&5
configure:17739: $? = 0
configure:17739: result: yes
configure:17751: checking for uint32_t
configure:17751: gcc -c -g -O2  conftest.c >&5
configure:17751: $? = 0
configure:17751: result: yes
configure:17765: checking for uint8_t
configure:17765: gcc -c -g -O2  conftest.c >&5
configure:17765: $? = 0
configure:17765: result: yes
configure:17781: checking for cos in -lm
configure:17806: gcc -o conftest -g -O2   conftest.c -lm   >&5
conftest.c:50:6: warning: conflicting types for built-in function 'cos'
 char cos ();
      ^
configure:17806: $? = 0
configure:17815: result: yes
configure:17826: checking for pthread_create in -lpthread
configure:17851: gcc -o conftest -g -O2   conftest.c -lpthread  -lm  >&5
configure:17851: $? = 0
configure:17860: result: yes
configure:17987: checking for DAHDI_CODE in dahdi/user.h
configure:18012: gcc -c -g -O2   conftest.c >&5
configure:18012: $? = 0
configure:18013: result: yes
configure:18036: checking for DAHDI_CONFIG_NTTE in dahdi/user.h
configure:18061: gcc -c -g -O2   conftest.c >&5
configure:18061: $? = 0
configure:18062: result: yes
configure:18098: checking for newtBell in -lnewt
configure:18123: gcc -o conftest -g -O2   conftest.c -lnewt   -lpthread -lm  >&5
configure:18123: $? = 0
configure:18133: result: yes
configure:18156: checking newt.h usability
configure:18156: gcc -c -g -O2     conftest.c >&5
configure:18156: $? = 0
configure:18156: result: yes
configure:18156: checking newt.h presence
configure:18156: gcc -E     conftest.c
configure:18156: $? = 0
configure:18156: result: yes
configure:18156: checking for newt.h
configure:18156: result: yes
configure:18205: checking for usb_init in -lusb
configure:18230: gcc -o conftest -g -O2   conftest.c -lusb   -lpthread -lm  >&5
configure:18230: $? = 0
configure:18240: result: yes
configure:18263: checking usb.h usability
configure:18263: gcc -c -g -O2     conftest.c >&5
configure:18263: $? = 0
configure:18263: result: yes
configure:18263: checking usb.h presence
configure:18263: gcc -E     conftest.c
configure:18263: $? = 0
configure:18263: result: yes
configure:18263: checking for usb.h
configure:18263: result: yes
configure:18312: checking for pcap_compile in -lpcap
configure:18337: gcc -o conftest -g -O2   conftest.c -lpcap   -lpthread -lm  >&5
/usr/bin/ld: cannot find -lpcap
collect2: error: ld returned 1 exit status
configure:18337: $? = 1
configure: failed program was:
| /* confdefs.h */
| #define PACKAGE_NAME "dahdi-tools"
| #define PACKAGE_TARNAME "dahdi-tools"
| #define PACKAGE_VERSION "2.11.1"
| #define PACKAGE_STRING "dahdi-tools 2.11.1"
| #define PACKAGE_BUGREPORT "www.asterisk.org"
| #define PACKAGE_URL ""
| #define PACKAGE "dahdi-tools"
| #define VERSION "2.11.1"
| #define STDC_HEADERS 1
| #define HAVE_SYS_TYPES_H 1
| #define HAVE_SYS_STAT_H 1
| #define HAVE_STDLIB_H 1
| #define HAVE_STRING_H 1
| #define HAVE_MEMORY_H 1
| #define HAVE_STRINGS_H 1
| #define HAVE_INTTYPES_H 1
| #define HAVE_STDINT_H 1
| #define HAVE_UNISTD_H 1
| #define __EXTENSIONS__ 1
| #define _ALL_SOURCE 1
| #define _GNU_SOURCE 1
| #define _POSIX_PTHREAD_SEMANTICS 1
| #define _TANDEM_SOURCE 1
| #define HAVE_DLFCN_H 1
| #define LT_OBJDIR ".libs/"
| #define HAVE_SYS_SOUNDCARD_H 1
| #define HAVE_LINUX_SOUNDCARD_H 1
| #define HAVE_ARPA_INET_H 1
| #define HAVE_FCNTL_H 1
| #define HAVE_LIMITS_H 1
| #define HAVE_NETINET_IN_H 1
| #define HAVE_STDINT_H 1
| #define HAVE_STDLIB_H 1
| #define HAVE_STRING_H 1
| #define HAVE_SYS_IOCTL_H 1
| #define HAVE_SYS_PARAM_H 1
| #define HAVE_SYS_SOCKET_H 1
| #define HAVE_SYS_TIME_H 1
| #define HAVE_SYSLOG_H 1
| #define HAVE_UNISTD_H 1
| #define HAVE_LIBM 1
| #define HAVE_LIBPTHREAD 1
| #define HAVE_DAHDI 1
| #define HAVE_DAHDI_VERSION /**/
| #define HAVE_DAHDI23 1
| #define HAVE_DAHDI23_VERSION /**/
| #define HAVE_NEWT 1
| #define HAVE_NEWT_VERSION /**/
| #define HAVE_USB 1
| #define HAVE_USB_VERSION /**/
| /* end confdefs.h.  */
| 
| /* Override any GCC internal prototype to avoid an error.
|    Use char because int might match the return type of a GCC
|    builtin and then its argument prototype would still apply.  */
| #ifdef __cplusplus
| extern "C"
| #endif
| char pcap_compile ();
| int
| main ()
| {
| return pcap_compile ();
|   ;
|   return 0;
| }
configure:18347: result: no
configure:18406: checking whether DAHDI_TXMIRROR is declared
configure:18406: gcc -c -g -O2   conftest.c >&5
conftest.c: In function 'main':
conftest.c:62:10: error: 'DAHDI_TXMIRROR' undeclared (first use in this function)
   (void) DAHDI_TXMIRROR;
          ^
conftest.c:62:10: note: each undeclared identifier is reported only once for each function it appears in
configure:18406: $? = 1
configure: failed program was:
| /* confdefs.h */
| #define PACKAGE_NAME "dahdi-tools"
| #define PACKAGE_TARNAME "dahdi-tools"
| #define PACKAGE_VERSION "2.11.1"
| #define PACKAGE_STRING "dahdi-tools 2.11.1"
| #define PACKAGE_BUGREPORT "www.asterisk.org"
| #define PACKAGE_URL ""
| #define PACKAGE "dahdi-tools"
| #define VERSION "2.11.1"
| #define STDC_HEADERS 1
| #define HAVE_SYS_TYPES_H 1
| #define HAVE_SYS_STAT_H 1
| #define HAVE_STDLIB_H 1
| #define HAVE_STRING_H 1
| #define HAVE_MEMORY_H 1
| #define HAVE_STRINGS_H 1
| #define HAVE_INTTYPES_H 1
| #define HAVE_STDINT_H 1
| #define HAVE_UNISTD_H 1
| #define __EXTENSIONS__ 1
| #define _ALL_SOURCE 1
| #define _GNU_SOURCE 1
| #define _POSIX_PTHREAD_SEMANTICS 1
| #define _TANDEM_SOURCE 1
| #define HAVE_DLFCN_H 1
| #define LT_OBJDIR ".libs/"
| #define HAVE_SYS_SOUNDCARD_H 1
| #define HAVE_LINUX_SOUNDCARD_H 1
| #define HAVE_ARPA_INET_H 1
| #define HAVE_FCNTL_H 1
| #define HAVE_LIMITS_H 1
| #define HAVE_NETINET_IN_H 1
| #define HAVE_STDINT_H 1
| #define HAVE_STDLIB_H 1
| #define HAVE_STRING_H 1
| #define HAVE_SYS_IOCTL_H 1
| #define HAVE_SYS_PARAM_H 1
| #define HAVE_SYS_SOCKET_H 1
| #define HAVE_SYS_TIME_H 1
| #define HAVE_SYSLOG_H 1
| #define HAVE_UNISTD_H 1
| #define HAVE_LIBM 1
| #define HAVE_LIBPTHREAD 1
| #define HAVE_DAHDI 1
| #define HAVE_DAHDI_VERSION /**/
| #define HAVE_DAHDI23 1
| #define HAVE_DAHDI23_VERSION /**/
| #define HAVE_NEWT 1
| #define HAVE_NEWT_VERSION /**/
| #define HAVE_USB 1
| #define HAVE_USB_VERSION /**/
| /* end confdefs.h.  */
| #include <dahdi/user.h>
| 
| int
| main ()
| {
| #ifndef DAHDI_TXMIRROR
| #ifdef __cplusplus
|   (void) DAHDI_TXMIRROR;
| #else
|   (void) DAHDI_TXMIRROR;
| #endif
| #endif
| 
|   ;
|   return 0;
| }
configure:18406: result: no
configure:18435: checking for semtimedop
configure:18435: gcc -o conftest -g -O2   conftest.c -lpthread -lm  >&5
configure:18435: $? = 0
configure:18435: result: yes
configure:18447: checking for alarm
configure:18447: gcc -o conftest -g -O2   conftest.c -lpthread -lm  >&5
configure:18447: $? = 0
configure:18447: result: yes
configure:18447: checking for bzero
configure:18447: gcc -o conftest -g -O2   conftest.c -lpthread -lm  >&5
conftest.c:78:6: warning: conflicting types for built-in function 'bzero'
 char bzero ();
      ^
configure:18447: $? = 0
configure:18447: result: yes
configure:18447: checking for gettimeofday
configure:18447: gcc -o conftest -g -O2   conftest.c -lpthread -lm  >&5
configure:18447: $? = 0
configure:18447: result: yes
configure:18447: checking for memset
configure:18447: gcc -o conftest -g -O2   conftest.c -lpthread -lm  >&5
conftest.c:80:6: warning: conflicting types for built-in function 'memset'
 char memset ();
      ^
configure:18447: $? = 0
configure:18447: result: yes
configure:18447: checking for pow
configure:18447: gcc -o conftest -g -O2   conftest.c -lpthread -lm  >&5
conftest.c:81:6: warning: conflicting types for built-in function 'pow'
 char pow ();
      ^
configure:18447: $? = 0
configure:18447: result: yes
configure:18447: checking for regcomp
configure:18447: gcc -o conftest -g -O2   conftest.c -lpthread -lm  >&5
configure:18447: $? = 0
configure:18447: result: yes
configure:18447: checking for select
configure:18447: gcc -o conftest -g -O2   conftest.c -lpthread -lm  >&5
configure:18447: $? = 0
configure:18447: result: yes
configure:18447: checking for socket
configure:18447: gcc -o conftest -g -O2   conftest.c -lpthread -lm  >&5
configure:18447: $? = 0
configure:18447: result: yes
configure:18447: checking for strcasecmp
configure:18447: gcc -o conftest -g -O2   conftest.c -lpthread -lm  >&5
conftest.c:85:6: warning: conflicting types for built-in function 'strcasecmp'
 char strcasecmp ();
      ^
configure:18447: $? = 0
configure:18447: result: yes
configure:18447: checking for strchr
configure:18447: gcc -o conftest -g -O2   conftest.c -lpthread -lm  >&5
conftest.c:86:6: warning: conflicting types for built-in function 'strchr'
 char strchr ();
      ^
configure:18447: $? = 0
configure:18447: result: yes
configure:18447: checking for strdup
configure:18447: gcc -o conftest -g -O2   conftest.c -lpthread -lm  >&5
conftest.c:87:6: warning: conflicting types for built-in function 'strdup'
 char strdup ();
      ^
configure:18447: $? = 0
configure:18447: result: yes
configure:18447: checking for strerror
configure:18447: gcc -o conftest -g -O2   conftest.c -lpthread -lm  >&5
configure:18447: $? = 0
configure:18447: result: yes
configure:18447: checking for strrchr
configure:18447: gcc -o conftest -g -O2   conftest.c -lpthread -lm  >&5
conftest.c:89:6: warning: conflicting types for built-in function 'strrchr'
 char strrchr ();
      ^
configure:18447: $? = 0
configure:18447: result: yes
configure:18447: checking for strstr
configure:18447: gcc -o conftest -g -O2   conftest.c -lpthread -lm  >&5
conftest.c:90:6: warning: conflicting types for built-in function 'strstr'
 char strstr ();
      ^
configure:18447: $? = 0
configure:18447: result: yes
configure:18447: checking for strtol
configure:18447: gcc -o conftest -g -O2   conftest.c -lpthread -lm  >&5
configure:18447: $? = 0
configure:18447: result: yes
configure:18447: checking for strtoul
configure:18447: gcc -o conftest -g -O2   conftest.c -lpthread -lm  >&5
configure:18447: $? = 0
configure:18447: result: yes
configure:18456: checking for error_at_line
configure:18472: gcc -o conftest -g -O2   conftest.c -lpthread -lm  >&5
configure:18472: $? = 0
configure:18480: result: yes
configure:18493: checking for stdlib.h
configure:18493: result: yes
configure:18503: checking for GNU libc compatible malloc
configure:18527: gcc -o conftest -g -O2   conftest.c -lpthread -lm  >&5
configure:18527: $? = 0
configure:18527: ./conftest
configure:18527: $? = 0
configure:18537: result: yes
configure:18633: checking for pkg-config
configure:18651: found /usr/bin/pkg-config
configure:18663: result: /usr/bin/pkg-config
configure:18688: checking pkg-config is at least version 0.9.0
configure:18691: result: yes
configure:18702: checking for LIBUSBX
configure:18709: $PKG_CONFIG --exists --print-errors "libusb-1.0"
Package libusb-1.0 was not found in the pkg-config search path.
Perhaps you should add the directory containing `libusb-1.0.pc'
to the PKG_CONFIG_PATH environment variable
No package 'libusb-1.0' found
configure:18712: $? = 1
configure:18726: $PKG_CONFIG --exists --print-errors "libusb-1.0"
Package libusb-1.0 was not found in the pkg-config search path.
Perhaps you should add the directory containing `libusb-1.0.pc'
to the PKG_CONFIG_PATH environment variable
No package 'libusb-1.0' found
configure:18729: $? = 1
configure:18743: result: no
No package 'libusb-1.0' found
configure:18848: checking for LIBUSB
configure:18855: $PKG_CONFIG --exists --print-errors "libusb"
configure:18858: $? = 0
configure:18872: $PKG_CONFIG --exists --print-errors "libusb"
configure:18875: $? = 0
configure:18915: result: yes
configure:18962: checking for GENERIC_HDLC_VERSION version 4 in linux/hdlc.h
configure:18980: gcc -c -g -O2  conftest.c >&5
conftest.c: In function 'main':
conftest.c:80:13: error: 'bar' undeclared (first use in this function)
   int foo = bar;
             ^
conftest.c:80:13: note: each undeclared identifier is reported only once for each function it appears in
configure:18980: $? = 1
configure: failed program was:
| /* confdefs.h */
| #define PACKAGE_NAME "dahdi-tools"
| #define PACKAGE_TARNAME "dahdi-tools"
| #define PACKAGE_VERSION "2.11.1"
| #define PACKAGE_STRING "dahdi-tools 2.11.1"
| #define PACKAGE_BUGREPORT "www.asterisk.org"
| #define PACKAGE_URL ""
| #define PACKAGE "dahdi-tools"
| #define VERSION "2.11.1"
| #define STDC_HEADERS 1
| #define HAVE_SYS_TYPES_H 1
| #define HAVE_SYS_STAT_H 1
| #define HAVE_STDLIB_H 1
| #define HAVE_STRING_H 1
| #define HAVE_MEMORY_H 1
| #define HAVE_STRINGS_H 1
| #define HAVE_INTTYPES_H 1
| #define HAVE_STDINT_H 1
| #define HAVE_UNISTD_H 1
| #define __EXTENSIONS__ 1
| #define _ALL_SOURCE 1
| #define _GNU_SOURCE 1
| #define _POSIX_PTHREAD_SEMANTICS 1
| #define _TANDEM_SOURCE 1
| #define HAVE_DLFCN_H 1
| #define LT_OBJDIR ".libs/"
| #define HAVE_SYS_SOUNDCARD_H 1
| #define HAVE_LINUX_SOUNDCARD_H 1
| #define HAVE_ARPA_INET_H 1
| #define HAVE_FCNTL_H 1
| #define HAVE_LIMITS_H 1
| #define HAVE_NETINET_IN_H 1
| #define HAVE_STDINT_H 1
| #define HAVE_STDLIB_H 1
| #define HAVE_STRING_H 1
| #define HAVE_SYS_IOCTL_H 1
| #define HAVE_SYS_PARAM_H 1
| #define HAVE_SYS_SOCKET_H 1
| #define HAVE_SYS_TIME_H 1
| #define HAVE_SYSLOG_H 1
| #define HAVE_UNISTD_H 1
| #define HAVE_LIBM 1
| #define HAVE_LIBPTHREAD 1
| #define HAVE_DAHDI 1
| #define HAVE_DAHDI_VERSION /**/
| #define HAVE_DAHDI23 1
| #define HAVE_DAHDI23_VERSION /**/
| #define HAVE_NEWT 1
| #define HAVE_NEWT_VERSION /**/
| #define HAVE_USB 1
| #define HAVE_USB_VERSION /**/
| #define HAVE_SEMTIMEDOP 1
| #define HAVE_ALARM 1
| #define HAVE_BZERO 1
| #define HAVE_GETTIMEOFDAY 1
| #define HAVE_MEMSET 1
| #define HAVE_POW 1
| #define HAVE_REGCOMP 1
| #define HAVE_SELECT 1
| #define HAVE_SOCKET 1
| #define HAVE_STRCASECMP 1
| #define HAVE_STRCHR 1
| #define HAVE_STRDUP 1
| #define HAVE_STRERROR 1
| #define HAVE_STRRCHR 1
| #define HAVE_STRSTR 1
| #define HAVE_STRTOL 1
| #define HAVE_STRTOUL 1
| #define HAVE_STDLIB_H 1
| #define HAVE_MALLOC 1
| #define HAVE_LIBUSB 1
| /* end confdefs.h.  */
|  #include <linux/hdlc.h>
| int
| main ()
| {
| #if defined(GENERIC_HDLC_VERSION) && GENERIC_HDLC_VERSION >= 4
| 		int foo = 0;
| 		#else
| 		int foo = bar;
| 		#endif
| 		0
|   ;
|   return 0;
| }
configure:18985: result: no
configure:18991: checking for GENERIC_HDLC_VERSION version 4 in linux/hdlc/ioctl.h
configure:19011: gcc -c -g -O2  conftest.c >&5
configure:19011: $? = 0
configure:19012: result: yes
configure:19265: checking that generated files are newer than configure
configure:19271: result: done
configure:19346: creating ./config.status

## ---------------------- ##
## Running config.status. ##
## ---------------------- ##

This file was extended by dahdi-tools config.status 2.11.1, which was
generated by GNU Autoconf 2.69.  Invocation command line was

  CONFIG_FILES    = 
  CONFIG_HEADERS  = 
  CONFIG_LINKS    = 
  CONFIG_COMMANDS = 
  $ ./config.status 

on raspberrypi

config.status:1274: creating makeopts
config.status:1274: creating version.c
config.status:1274: creating Makefile
config.status:1274: creating doc/Makefile
config.status:1274: creating hotplug/Makefile
config.status:1274: creating ppp/Makefile
config.status:1274: creating xpp/Makefile
config.status:1274: creating xpp/xtalk/Makefile
config.status:1274: creating xpp/oct612x/Makefile
config.status:1274: creating xpp/perl_modules/Makefile
config.status:1274: creating autoconfig.h
config.status:1503: executing depfiles commands
config.status:1503: executing libtool commands
configure:21763: *** dahdi-tools build successfully configured ***

## ---------------- ##
## Cache variables. ##
## ---------------- ##

ac_cv_GNU_MAKE=make
ac_cv_GNU_MAKE_VERSION_MAJOR=4
ac_cv_GNU_MAKE_VERSION_MINOR=0
ac_cv_build=armv7l-unknown-linux-gnueabihf
ac_cv_c_compiler_gnu=yes
ac_cv_c_inline=inline
ac_cv_c_uint16_t=yes
ac_cv_c_uint32_t=yes
ac_cv_c_uint8_t=yes
ac_cv_cxx_compiler_gnu=yes
ac_cv_env_CCC_set=
ac_cv_env_CCC_value=
ac_cv_env_CC_set=
ac_cv_env_CC_value=
ac_cv_env_CFLAGS_set=
ac_cv_env_CFLAGS_value=
ac_cv_env_CPPFLAGS_set=
ac_cv_env_CPPFLAGS_value=
ac_cv_env_CPP_set=
ac_cv_env_CPP_value=
ac_cv_env_CXXCPP_set=
ac_cv_env_CXXCPP_value=
ac_cv_env_CXXFLAGS_set=
ac_cv_env_CXXFLAGS_value=
ac_cv_env_CXX_set=
ac_cv_env_CXX_value=
ac_cv_env_LDFLAGS_set=
ac_cv_env_LDFLAGS_value=
ac_cv_env_LIBS_set=
ac_cv_env_LIBS_value=
ac_cv_env_LIBUSBX_CFLAGS_set=
ac_cv_env_LIBUSBX_CFLAGS_value=
ac_cv_env_LIBUSBX_LIBS_set=
ac_cv_env_LIBUSBX_LIBS_value=
ac_cv_env_LIBUSB_CFLAGS_set=
ac_cv_env_LIBUSB_CFLAGS_value=
ac_cv_env_LIBUSB_LIBS_set=
ac_cv_env_LIBUSB_LIBS_value=
ac_cv_env_LT_SYS_LIBRARY_PATH_set=
ac_cv_env_LT_SYS_LIBRARY_PATH_value=
ac_cv_env_PKG_CONFIG_LIBDIR_set=
ac_cv_env_PKG_CONFIG_LIBDIR_value=
ac_cv_env_PKG_CONFIG_PATH_set=
ac_cv_env_PKG_CONFIG_PATH_value=
ac_cv_env_PKG_CONFIG_set=
ac_cv_env_PKG_CONFIG_value=
ac_cv_env_build_alias_set=
ac_cv_env_build_alias_value=
ac_cv_env_host_alias_set=
ac_cv_env_host_alias_value=
ac_cv_env_target_alias_set=
ac_cv_env_target_alias_value=
ac_cv_func_alarm=yes
ac_cv_func_bzero=yes
ac_cv_func_gettimeofday=yes
ac_cv_func_malloc_0_nonnull=yes
ac_cv_func_memset=yes
ac_cv_func_pow=yes
ac_cv_func_regcomp=yes
ac_cv_func_select=yes
ac_cv_func_semtimedop=yes
ac_cv_func_socket=yes
ac_cv_func_strcasecmp=yes
ac_cv_func_strchr=yes
ac_cv_func_strdup=yes
ac_cv_func_strerror=yes
ac_cv_func_strrchr=yes
ac_cv_func_strstr=yes
ac_cv_func_strtol=yes
ac_cv_func_strtoul=yes
ac_cv_have_decl_DAHDI_TXMIRROR=no
ac_cv_header_arpa_inet_h=yes
ac_cv_header_dlfcn_h=yes
ac_cv_header_fcntl_h=yes
ac_cv_header_inttypes_h=yes
ac_cv_header_limits_h=yes
ac_cv_header_linux_soundcard_h=yes
ac_cv_header_memory_h=yes
ac_cv_header_minix_config_h=no
ac_cv_header_netinet_in_h=yes
ac_cv_header_newt_h=yes
ac_cv_header_stdc=yes
ac_cv_header_stdint_h=yes
ac_cv_header_stdlib_h=yes
ac_cv_header_string_h=yes
ac_cv_header_strings_h=yes
ac_cv_header_sys_ioctl_h=yes
ac_cv_header_sys_param_h=yes
ac_cv_header_sys_socket_h=yes
ac_cv_header_sys_soundcard_h=yes
ac_cv_header_sys_stat_h=yes
ac_cv_header_sys_time_h=yes
ac_cv_header_sys_types_h=yes
ac_cv_header_syslog_h=yes
ac_cv_header_unistd_h=yes
ac_cv_header_usb_h=yes
ac_cv_host=armv7l-unknown-linux-gnueabihf
ac_cv_lib_error_at_line=yes
ac_cv_lib_m_cos=yes
ac_cv_lib_newt_newtBell=yes
ac_cv_lib_pcap_pcap_compile=no
ac_cv_lib_pthread_pthread_create=yes
ac_cv_lib_usb_usb_init=yes
ac_cv_objext=o
ac_cv_path_EGREP='/bin/grep -E'
ac_cv_path_FGREP='/bin/grep -F'
ac_cv_path_GREP=/bin/grep
ac_cv_path_LN=/bin/ln
ac_cv_path_PERL=/usr/bin/perl
ac_cv_path_SED=/bin/sed
ac_cv_path_SHELL=/bin/bash
ac_cv_path_WGET=/usr/bin/wget
ac_cv_path_ac_pt_PKG_CONFIG=/usr/bin/pkg-config
ac_cv_path_install='/usr/bin/install -c'
ac_cv_path_lt_DD=/bin/dd
ac_cv_path_mkdir=/bin/mkdir
ac_cv_prog_AWK=mawk
ac_cv_prog_CPP='gcc -E'
ac_cv_prog_CXXCPP='g++ -E'
ac_cv_prog_ac_ct_AR=ar
ac_cv_prog_ac_ct_CC=gcc
ac_cv_prog_ac_ct_CXX=g++
ac_cv_prog_ac_ct_LD=ld
ac_cv_prog_ac_ct_MANIFEST_TOOL=mt
ac_cv_prog_ac_ct_OBJDUMP=objdump
ac_cv_prog_ac_ct_RANLIB=ranlib
ac_cv_prog_ac_ct_STRIP=strip
ac_cv_prog_cc_c89=
ac_cv_prog_cc_g=yes
ac_cv_prog_cxx_g=yes
ac_cv_prog_make_make_set=yes
ac_cv_safe_to_define___extensions__=yes
ac_cv_type_size_t=yes
ac_cv_type_ssize_t=yes
am_cv_CC_dependencies_compiler_type=gcc3
am_cv_CXX_dependencies_compiler_type=gcc3
am_cv_make_support_nested_variables=yes
am_cv_prog_cc_c_o=yes
lt_cv_ar_at_file=@
lt_cv_archive_cmds_need_lc=no
lt_cv_deplibs_check_method=pass_all
lt_cv_file_magic_cmd='$MAGIC_CMD'
lt_cv_file_magic_test_file=
lt_cv_ld_reload_flag=-r
lt_cv_nm_interface='BSD nm'
lt_cv_objdir=.libs
lt_cv_path_LD=ld
lt_cv_path_LDCXX=ld
lt_cv_path_NM='/usr/bin/nm -B'
lt_cv_path_mainfest_tool=no
lt_cv_prog_compiler_c_o=yes
lt_cv_prog_compiler_c_o_CXX=yes
lt_cv_prog_compiler_pic='-fPIC -DPIC'
lt_cv_prog_compiler_pic_CXX='-fPIC -DPIC'
lt_cv_prog_compiler_pic_works=yes
lt_cv_prog_compiler_pic_works_CXX=yes
lt_cv_prog_compiler_rtti_exceptions=no
lt_cv_prog_compiler_static_works=yes
lt_cv_prog_compiler_static_works_CXX=yes
lt_cv_prog_gnu_ld=yes
lt_cv_prog_gnu_ldcxx=yes
lt_cv_sharedlib_from_linklib_cmd='printf %s\n'
lt_cv_shlibpath_overrides_runpath=no
lt_cv_sys_global_symbol_pipe='sed -n -e '\''s/^.*[	 ]\([ABCDGIRSTW][ABCDGIRSTW]*\)[	 ][	 ]*\([_A-Za-z][_A-Za-z0-9]*\)$/\1 \2 \2/p'\'' | sed '\''/ __gnu_lto/d'\'''
lt_cv_sys_global_symbol_to_c_name_address='sed -n -e '\''s/^: \(.*\) .*$/  {"\1", (void *) 0},/p'\'' -e '\''s/^[ABCDGIRSTW][ABCDGIRSTW]* .* \(.*\)$/  {"\1", (void *) \&\1},/p'\'''
lt_cv_sys_global_symbol_to_c_name_address_lib_prefix='sed -n -e '\''s/^: \(.*\) .*$/  {"\1", (void *) 0},/p'\'' -e '\''s/^[ABCDGIRSTW][ABCDGIRSTW]* .* \(lib.*\)$/  {"\1", (void *) \&\1},/p'\'' -e '\''s/^[ABCDGIRSTW][ABCDGIRSTW]* .* \(.*\)$/  {"lib\1", (void *) \&\1},/p'\'''
lt_cv_sys_global_symbol_to_cdecl='sed -n -e '\''s/^T .* \(.*\)$/extern int \1();/p'\'' -e '\''s/^[ABCDGIRSTW][ABCDGIRSTW]* .* \(.*\)$/extern char \1;/p'\'''
lt_cv_sys_global_symbol_to_import=
lt_cv_sys_max_cmd_len=1572864
lt_cv_to_host_file_cmd=func_convert_file_noop
lt_cv_to_tool_file_cmd=func_convert_file_noop
lt_cv_truncate_bin='/bin/dd bs=4096 count=1'
pkg_cv_LIBUSB_CFLAGS=
pkg_cv_LIBUSB_LIBS='-lusb '

## ----------------- ##
## Output variables. ##
## ----------------- ##

ACLOCAL='${SHELL} /usr/src/asl-dahdi-linux-complete-2.11.1+2.11.1/tools/auxdir/missing aclocal-1.14'
AMDEPBACKSLASH='\'
AMDEP_FALSE='#'
AMDEP_TRUE=''
AMTAR='$${TAR-tar}'
AM_BACKSLASH='\'
AM_DEFAULT_V='$(AM_DEFAULT_VERBOSITY)'
AM_DEFAULT_VERBOSITY='0'
AM_V='$(V)'
AR='ar'
ASCIIDOC='asciidoc'
AUTOCONF='${SHELL} /usr/src/asl-dahdi-linux-complete-2.11.1+2.11.1/tools/auxdir/missing autoconf'
AUTOHEADER='${SHELL} /usr/src/asl-dahdi-linux-complete-2.11.1+2.11.1/tools/auxdir/missing autoheader'
AUTOMAKE='${SHELL} /usr/src/asl-dahdi-linux-complete-2.11.1+2.11.1/tools/auxdir/missing automake-1.14'
AWK='mawk'
BDFARCH=''
BDFNAME=''
BUILD_VERSION='2.11.1'
CC='gcc'
CCDEPMODE='depmode=gcc3'
CFLAGS='-g -O2'
CPP='gcc -E'
CPPFLAGS=''
CXX='g++'
CXXCPP='g++ -E'
CXXDEPMODE='depmode=gcc3'
CXXFLAGS='-g -O2'
CYGPATH_W='echo'
DAHDI_DECLARATION_AFTER_STATEMENT='-Wdeclaration-after-statement'
DAHDI_DEVMODE=''
DAHDI_DEVMODE_FALSE=''
DAHDI_DEVMODE_TRUE='#'
DAHDI_DIR=''
DAHDI_INCLUDE=''
DAHDI_LIB=''
DEFS='-DHAVE_CONFIG_H'
DEPDIR='.deps'
DLLTOOL='false'
DOWNLOAD='/usr/bin/wget'
DSYMUTIL=''
DUMPBIN=''
ECHO_C=''
ECHO_N='-n'
ECHO_T=''
EGREP='/bin/grep -E'
EXEEXT=''
FETCH=''
FGREP='/bin/grep -F'
GNU_MAKE='make'
GREP='/bin/grep'
HOSTCC='gcc'
INSTALL_DATA='${INSTALL} -m 644'
INSTALL_PROGRAM='${INSTALL}'
INSTALL_SCRIPT='${INSTALL}'
INSTALL_STRIP_PROGRAM='$(install_sh) -c -s'
LD='ld'
LDFLAGS=''
LIBOBJS=''
LIBS='-lpthread -lm '
LIBTOOL='$(SHELL) $(top_builddir)/libtool'
LIBUSBX_CFLAGS=''
LIBUSBX_FALSE=''
LIBUSBX_LIBS=''
LIBUSBX_TRUE='#'
LIBUSB_CFLAGS=''
LIBUSB_FALSE='#'
LIBUSB_LIBS='-lusb '
LIBUSB_TRUE=''
LIPO=''
LN='/bin/ln'
LN_S='ln -s'
LTLIBOBJS=''
LT_SYS_LIBRARY_PATH=''
MAKEINFO='${SHELL} /usr/src/asl-dahdi-linux-complete-2.11.1+2.11.1/tools/auxdir/missing makeinfo'
MANIFEST_TOOL=':'
MKDIR_P='/bin/mkdir -p'
NEWT_DIR=''
NEWT_INCLUDE=' '
NEWT_LIB=' -lnewt '
NM='/usr/bin/nm -B'
NMEDIT=''
OBJDUMP='objdump'
OBJEXT='o'
OCTASIC_CFLAGS='-I$(top_srcdir)/xpp/oct612x/include -I$(top_srcdir)/xpp/oct612x/octdeviceapi -I$(top_srcdir)/xpp/oct612x/octdeviceapi/oct6100api'
OTOOL64=''
OTOOL=''
PACKAGE='dahdi-tools'
PACKAGE_BUGREPORT='www.asterisk.org'
PACKAGE_NAME='dahdi-tools'
PACKAGE_STRING='dahdi-tools 2.11.1'
PACKAGE_TARNAME='dahdi-tools'
PACKAGE_URL=''
PACKAGE_VERSION='2.11.1'
PATH_SEPARATOR=':'
PBX_DAHDI23='1'
PBX_DAHDI='1'
PBX_HDLC='1'
PBX_HDLC_FALSE='#'
PBX_HDLC_TRUE=''
PBX_NEWT='1'
PBX_NEWT_FALSE='#'
PBX_NEWT_TRUE=''
PBX_PCAP='0'
PBX_PCAP_FALSE=''
PBX_PCAP_TRUE='#'
PBX_USB='1'
PBX_USB_FALSE='#'
PBX_USB_TRUE=''
PCAP_DIR=''
PCAP_INCLUDE=''
PCAP_LIB=''
PERL='/usr/bin/perl'
PERL_FALSE='#'
PERL_TRUE=''
PKG_CONFIG='/usr/bin/pkg-config'
PKG_CONFIG_LIBDIR=''
PKG_CONFIG_PATH=''
PPPD_FALSE=''
PPPD_TRUE='#'
PPPD_VERSION=''
RANLIB='ranlib'
SED='/bin/sed'
SET_MAKE=''
SHELL='/bin/bash'
SILENT_RULES_FALSE='#'
SILENT_RULES_TRUE=''
STRIP='strip'
TOOLSVERSION='2.11.1'
USB_DIR=''
USB_INCLUDE=' '
USB_LIB=' -lusb '
USE_OCTASIC='yes'
USE_OCTASIC_FALSE='#'
USE_OCTASIC_TRUE=''
USE_SELINUX='no'
VERSION='2.11.1'
WGET='/usr/bin/wget'
ac_ct_AR='ar'
ac_ct_CC='gcc'
ac_ct_CXX='g++'
ac_ct_DUMPBIN=''
am__EXEEXT_FALSE=''
am__EXEEXT_TRUE='#'
am__fastdepCC_FALSE='#'
am__fastdepCC_TRUE=''
am__fastdepCXX_FALSE='#'
am__fastdepCXX_TRUE=''
am__include='include'
am__isrc=''
am__leading_dot='.'
am__nodep='_no'
am__quote=''
am__tar='$${TAR-tar} chof - "$$tardir"'
am__untar='$${TAR-tar} xf -'
bindir='${exec_prefix}/bin'
build='armv7l-unknown-linux-gnueabihf'
build_alias=''
build_cpu='armv7l'
build_os='linux-gnueabihf'
build_vendor='unknown'
dahdiincludedir='${includedir}/dahdi'
dahditoolsdir='${datadir}/dahdi'
datadir='${datarootdir}'
datarootdir='${prefix}/share'
docdir='${datarootdir}/doc/${PACKAGE_TARNAME}'
dvidir='${docdir}'
exec_prefix='${prefix}'
host='armv7l-unknown-linux-gnueabihf'
host_alias=''
host_cpu='armv7l'
host_os='linux-gnueabihf'
host_vendor='unknown'
htmldir='${docdir}'
includedir='${prefix}/include'
infodir='${datarootdir}/info'
install_sh='${SHELL} /usr/src/asl-dahdi-linux-complete-2.11.1+2.11.1/tools/auxdir/install-sh'
libdir='${exec_prefix}/lib'
libexecdir='${exec_prefix}/libexec'
localedir='${datarootdir}/locale'
localstatedir='/var'
mandir='${datarootdir}/man'
mkdir_p='$(MKDIR_P)'
oldincludedir='/usr/include'
pdfdir='${docdir}'
perllibdir='/usr/local/share/perl/5.20.2'
prefix='/usr'
program_transform_name='s,x,x,'
psdir='${docdir}'
sbindir='${exec_prefix}/sbin'
sharedstatedir='${prefix}/com'
sysconfdir='/etc'
target_alias=''
udevrulesdir='${sysconfdir}/udev/rules.d'

## ----------- ##
## confdefs.h. ##
## ----------- ##

/* confdefs.h */
#define PACKAGE_NAME "dahdi-tools"
#define PACKAGE_TARNAME "dahdi-tools"
#define PACKAGE_VERSION "2.11.1"
#define PACKAGE_STRING "dahdi-tools 2.11.1"
#define PACKAGE_BUGREPORT "www.asterisk.org"
#define PACKAGE_URL ""
#define PACKAGE "dahdi-tools"
#define VERSION "2.11.1"
#define STDC_HEADERS 1
#define HAVE_SYS_TYPES_H 1
#define HAVE_SYS_STAT_H 1
#define HAVE_STDLIB_H 1
#define HAVE_STRING_H 1
#define HAVE_MEMORY_H 1
#define HAVE_STRINGS_H 1
#define HAVE_INTTYPES_H 1
#define HAVE_STDINT_H 1
#define HAVE_UNISTD_H 1
#define __EXTENSIONS__ 1
#define _ALL_SOURCE 1
#define _GNU_SOURCE 1
#define _POSIX_PTHREAD_SEMANTICS 1
#define _TANDEM_SOURCE 1
#define HAVE_DLFCN_H 1
#define LT_OBJDIR ".libs/"
#define HAVE_SYS_SOUNDCARD_H 1
#define HAVE_LINUX_SOUNDCARD_H 1
#define HAVE_ARPA_INET_H 1
#define HAVE_FCNTL_H 1
#define HAVE_LIMITS_H 1
#define HAVE_NETINET_IN_H 1
#define HAVE_STDINT_H 1
#define HAVE_STDLIB_H 1
#define HAVE_STRING_H 1
#define HAVE_SYS_IOCTL_H 1
#define HAVE_SYS_PARAM_H 1
#define HAVE_SYS_SOCKET_H 1
#define HAVE_SYS_TIME_H 1
#define HAVE_SYSLOG_H 1
#define HAVE_UNISTD_H 1
#define HAVE_LIBM 1
#define HAVE_LIBPTHREAD 1
#define HAVE_DAHDI 1
#define HAVE_DAHDI_VERSION /**/
#define HAVE_DAHDI23 1
#define HAVE_DAHDI23_VERSION /**/
#define HAVE_NEWT 1
#define HAVE_NEWT_VERSION /**/
#define HAVE_USB 1
#define HAVE_USB_VERSION /**/
#define HAVE_SEMTIMEDOP 1
#define HAVE_ALARM 1
#define HAVE_BZERO 1
#define HAVE_GETTIMEOFDAY 1
#define HAVE_MEMSET 1
#define HAVE_POW 1
#define HAVE_REGCOMP 1
#define HAVE_SELECT 1
#define HAVE_SOCKET 1
#define HAVE_STRCASECMP 1
#define HAVE_STRCHR 1
#define HAVE_STRDUP 1
#define HAVE_STRERROR 1
#define HAVE_STRRCHR 1
#define HAVE_STRSTR 1
#define HAVE_STRTOL 1
#define HAVE_STRTOUL 1
#define HAVE_STDLIB_H 1
#define HAVE_MALLOC 1
#define HAVE_LIBUSB 1

configure: exit 0
